[debug] [2018-05-08T02:28:38.054Z] ----------------------------------------------------------------------
[debug] [2018-05-08T02:28:38.054Z] Command:       C:\Program Files\nodejs\node.exe C:\Users\user\AppData\Roaming\npm\node_modules\firebase-tools\bin\firebase deploy
[debug] [2018-05-08T02:28:38.054Z] CLI Version:   3.18.4
[debug] [2018-05-08T02:28:38.054Z] Platform:      win32
[debug] [2018-05-08T02:28:38.054Z] Node Version:  v8.11.1
[debug] [2018-05-08T02:28:38.054Z] Time:          Tue May 08 2018 12:28:38 GMT+1000 (AUS Eastern Standard Time)
[debug] [2018-05-08T02:28:38.054Z] ----------------------------------------------------------------------
[debug] 
[debug] [2018-05-08T02:28:38.086Z] > command requires scopes: ["email","openid","https://www.googleapis.com/auth/cloudplatformprojects.readonly","https://www.googleapis.com/auth/firebase","https://www.googleapis.com/auth/cloud-platform"]
[debug] [2018-05-08T02:28:38.088Z] > authorizing via signed-in user
[debug] [2018-05-08T02:28:38.093Z] >>> HTTP REQUEST GET https://admin.firebase.com/v1/projects/inclitibeta  
  
 Tue May 08 2018 12:28:38 GMT+1000 (AUS Eastern Standard Time)
[debug] [2018-05-08T02:28:39.092Z] <<< HTTP RESPONSE 200
[debug] [2018-05-08T02:28:39.093Z] >>> HTTP REQUEST GET https://admin.firebase.com/v1/database/inclitibeta/tokens  
  
 Tue May 08 2018 12:28:39 GMT+1000 (AUS Eastern Standard Time)
[debug] [2018-05-08T02:28:40.180Z] <<< HTTP RESPONSE 200
[info] 
[info] === Deploying to 'inclitibeta'...
[info] 
[info] i  deploying database, storage, functions, hosting
[info] i  database: checking rules syntax...
[debug] [2018-05-08T02:28:45.128Z] >>> HTTP REQUEST PUT https://inclitibeta.firebaseio.com/.settings/rules.json?dryRun=true  
 {
  "rules": {
    ".read": "auth != null",
    ".write": "auth != null"
  }
} 
 Tue May 08 2018 12:28:45 GMT+1000 (AUS Eastern Standard Time)
[debug] [2018-05-08T02:28:46.285Z] <<< HTTP RESPONSE 200
[info] +  database: rules syntax for database inclitibeta is valid
[debug] [2018-05-08T02:28:46.285Z] >>> HTTP REQUEST GET https://appengine.googleapis.com/v1/apps/inclitibeta  
  
 Tue May 08 2018 12:28:46 GMT+1000 (AUS Eastern Standard Time)
[debug] [2018-05-08T02:28:47.697Z] <<< HTTP RESPONSE 200
[info] i  storage: checking storage.rules for compilation errors...
[debug] [2018-05-08T02:28:47.697Z] >>> HTTP REQUEST POST https://firebaserules.googleapis.com/v1/projects/inclitibeta:test  
 { source: { files: [ [Object] ] } } 
 Tue May 08 2018 12:28:47 GMT+1000 (AUS Eastern Standard Time)
[debug] [2018-05-08T02:28:49.691Z] <<< HTTP RESPONSE 200
[info] +  storage: rules file storage.rules compiled successfully
[debug] [2018-05-08T02:28:49.707Z] > [functions] package.json contents: {
  "name": "functions",
  "description": "Cloud Functions for Firebase",
  "scripts": {
    "serve": "firebase serve --only functions",
    "shell": "firebase functions:shell",
    "start": "npm run shell",
    "deploy": "firebase deploy --only functions",
    "logs": "firebase functions:log"
  },
  "dependencies": {
    "firebase-admin": "~5.12.0",
    "firebase-functions": "^1.0.1",
    "node-rest-client": "^3.1.0"
  },
  "private": true
}
[info] i  functions: ensuring necessary APIs are enabled...
[debug] [2018-05-08T02:28:49.707Z] >>> HTTP REQUEST GET https://servicemanagement.googleapis.com/v1/services/cloudfunctions.googleapis.com/projectSettings/inclitibeta?view=CONSUMER_VIEW  
  
 Tue May 08 2018 12:28:49 GMT+1000 (AUS Eastern Standard Time)
[debug] [2018-05-08T02:28:49.707Z] >>> HTTP REQUEST GET https://servicemanagement.googleapis.com/v1/services/runtimeconfig.googleapis.com/projectSettings/inclitibeta?view=CONSUMER_VIEW  
  
 Tue May 08 2018 12:28:49 GMT+1000 (AUS Eastern Standard Time)
[debug] [2018-05-08T02:28:51.581Z] <<< HTTP RESPONSE 200
[debug] [2018-05-08T02:28:51.686Z] <<< HTTP RESPONSE 200
[info] +  functions: all necessary APIs are enabled
[debug] [2018-05-08T02:28:51.686Z] >>> HTTP REQUEST GET https://cloudresourcemanager.googleapis.com/v1/projects/inclitibeta  
  
 Tue May 08 2018 12:28:51 GMT+1000 (AUS Eastern Standard Time)
[debug] [2018-05-08T02:28:53.371Z] <<< HTTP RESPONSE 200
[debug] [2018-05-08T02:28:53.371Z] >>> HTTP REQUEST GET https://mobilesdk-pa.googleapis.com/v1/projects/1037154318940:getServerAppConfig  
  
 Tue May 08 2018 12:28:53 GMT+1000 (AUS Eastern Standard Time)
[debug] [2018-05-08T02:28:54.997Z] <<< HTTP RESPONSE 200
[info] i  storage: uploading rules storage.rules...
[debug] [2018-05-08T02:28:55.000Z] >>> HTTP REQUEST POST https://firebaserules.googleapis.com/v1/projects/inclitibeta/rulesets  
 { source: { files: [ [Object] ] } } 
 Tue May 08 2018 12:28:55 GMT+1000 (AUS Eastern Standard Time)
[debug] [2018-05-08T02:28:56.692Z] <<< HTTP RESPONSE 200
[debug] [2018-05-08T02:28:56.692Z] [rules] created ruleset projects/inclitibeta/rulesets/007fc2f3-14bd-4fe9-854f-5c5a2ce0f7c7
[info] i  functions: preparing functions directory for uploading...
[debug] [2018-05-08T02:28:56.692Z] >>> HTTP REQUEST GET https://runtimeconfig.googleapis.com/v1beta1/projects/inclitibeta/configs  
  
 Tue May 08 2018 12:28:56 GMT+1000 (AUS Eastern Standard Time)
[debug] [2018-05-08T02:28:57.550Z] <<< HTTP RESPONSE 200
[info] i  functions: packaged functions (39.64 KB) for uploading
[debug] [2018-05-08T02:28:58.003Z] >>> HTTP REQUEST POST https://cloudfunctions.googleapis.com/v1/projects/inclitibeta/locations/us-central1/functions:generateUploadUrl  
  
 Tue May 08 2018 12:28:58 GMT+1000 (AUS Eastern Standard Time)
[debug] [2018-05-08T02:28:58.774Z] <<< HTTP RESPONSE 200
[debug] [2018-05-08T02:28:58.774Z] >>> HTTP REQUEST PUT https://storage.googleapis.com/gcf-upload-us-central1-268a0e46-64b8-4ca7-b4fc-63a933039fc2/bff42b91-6a84-4ff1-8fe1-635cec487c64.zip?GoogleAccessId=1037154318940@cloudservices.gserviceaccount.com&Expires=1525748339&Signature=TGI5caPapMTtjiVkZb6kfTQqRVCwcZTw2Xg5JA1FswQljLFIuptgNiQJaY%2FbbM%2BXYRTUOPQ%2Fohr4bQk2xCxZ8spn064aJZuW9X1W2Ds290osGJ1nlf%2F64dpQ6AHoOT47UES0anILBXKE3Ek8yg7mdwLtUfUTRupbAmnZl1O8w7x53cxrAW88JAJ3C0IPg7AuvT8ux22BlBiNAuw4HQXzQHn7RQ790MvTGagc7qOR6EtFTcKY98xU8Nc1j8x1CBDo6t%2BShJT7RHVQZnqnHQnLMU37%2BBSBCooPrbGqUmnW9g5uM33za1bRmJ6Vvwxcdbvvjav22BU7RiwUn6XmzY38IQ%3D%3D  
 ReadStream {
  _readableState: 
   ReadableState {
     objectMode: false,
     highWaterMark: 65536,
     buffer: BufferList { head: [Object], tail: [Object], length: 1 },
     length: 40595,
     pipes: null,
     pipesCount: 0,
     flowing: null,
     ended: true,
     endEmitted: false,
     reading: false,
     sync: false,
     needReadable: false,
     emittedReadable: true,
     readableListening: false,
     resumeScheduled: false,
     destroyed: false,
     defaultEncoding: 'utf8',
     awaitDrain: 0,
     readingMore: false,
     decoder: null,
     encoding: null },
  readable: true,
  domain: null,
  _events: { end: [Function] },
  _eventsCount: 1,
  _maxListeners: undefined,
  path: 'C:\\Users\\user\\AppData\\Local\\Temp\\firebase-functions-2836rKMeEh2UQkMS.zip',
  fd: 5,
  flags: 'r',
  mode: 438,
  start: 0,
  end: Infinity,
  autoClose: true,
  pos: 131072,
  bytesRead: 40595 } 
 Tue May 08 2018 12:28:58 GMT+1000 (AUS Eastern Standard Time)
[debug] [2018-05-08T02:29:00.317Z] <<< HTTP RESPONSE 200
[info] +  functions: functions folder uploaded successfully
[info] i  hosting: preparing dist directory for upload...
[debug] [2018-05-08T02:29:01.308Z] >>> HTTP REQUEST PUT https://deploy.firebase.com/v1/hosting/inclitibeta/uploads/-LBx_7l8MJazUps1jNeY?fileCount=12&message=  
  
 Tue May 08 2018 12:29:01 GMT+1000 (AUS Eastern Standard Time)
[debug] [2018-05-08T02:30:40.738Z] <<< HTTP RESPONSE 200
[debug] [2018-05-08T02:30:40.738Z] [hosting] .tgz uploaded successfully, waiting for extraction
[info] +  hosting: 12 files uploaded successfully
[debug] [2018-05-08T02:30:41.495Z] [hosting] deploy completed after 101162ms
[info] i  database: releasing rules...
[debug] [2018-05-08T02:30:42.102Z] >>> HTTP REQUEST PUT https://inclitibeta.firebaseio.com/.settings/rules.json  
 {
  "rules": {
    ".read": "auth != null",
    ".write": "auth != null"
  }
} 
 Tue May 08 2018 12:30:42 GMT+1000 (AUS Eastern Standard Time)
[debug] [2018-05-08T02:30:42.890Z] <<< HTTP RESPONSE 200
[info] +  database: rules for database inclitibeta released successfully
[debug] [2018-05-08T02:30:42.890Z] [rules] releasing firebase.storage/inclitibeta.appspot.com with ruleset projects/inclitibeta/rulesets/007fc2f3-14bd-4fe9-854f-5c5a2ce0f7c7
[debug] [2018-05-08T02:30:42.890Z] >>> HTTP REQUEST PATCH https://firebaserules.googleapis.com/v1/projects/inclitibeta/releases/firebase.storage/inclitibeta.appspot.com  
 { release: 
   { name: 'projects/inclitibeta/releases/firebase.storage/inclitibeta.appspot.com',
     rulesetName: 'projects/inclitibeta/rulesets/007fc2f3-14bd-4fe9-854f-5c5a2ce0f7c7' } } 
 Tue May 08 2018 12:30:42 GMT+1000 (AUS Eastern Standard Time)
[debug] [2018-05-08T02:30:44.455Z] <<< HTTP RESPONSE 200
[debug] [2018-05-08T02:30:44.455Z] [rules] updated release projects/inclitibeta/releases/firebase.storage/inclitibeta.appspot.com
[info] +  storage: released rules storage.rules to firebase.storage/inclitibeta.appspot.com
[debug] [2018-05-08T02:30:44.455Z] >>> HTTP REQUEST GET https://cloudfunctions.googleapis.com/v1/projects/inclitibeta/locations/us-central1/functions  
  
 Tue May 08 2018 12:30:44 GMT+1000 (AUS Eastern Standard Time)
[debug] [2018-05-08T02:30:45.045Z] <<< HTTP RESPONSE 200
[info] i  functions: updating function fetchCoins...
[debug] [2018-05-08T02:30:45.045Z] Trigger is:  {"httpsTrigger":{}}
[debug] [2018-05-08T02:30:45.045Z] >>> HTTP REQUEST PATCH https://cloudfunctions.googleapis.com/v1/projects/inclitibeta/locations/us-central1/functions/fetchCoins 
query params: {"updateMask":"sourceUploadUrl,name,labels,httpsTrigger"} 
 { sourceUploadUrl: 'https://storage.googleapis.com/gcf-upload-us-central1-268a0e46-64b8-4ca7-b4fc-63a933039fc2/bff42b91-6a84-4ff1-8fe1-635cec487c64.zip?GoogleAccessId=1037154318940@cloudservices.gserviceaccount.com&Expires=1525748339&Signature=TGI5caPapMTtjiVkZb6kfTQqRVCwcZTw2Xg5JA1FswQljLFIuptgNiQJaY%2FbbM%2BXYRTUOPQ%2Fohr4bQk2xCxZ8spn064aJZuW9X1W2Ds290osGJ1nlf%2F64dpQ6AHoOT47UES0anILBXKE3Ek8yg7mdwLtUfUTRupbAmnZl1O8w7x53cxrAW88JAJ3C0IPg7AuvT8ux22BlBiNAuw4HQXzQHn7RQ790MvTGagc7qOR6EtFTcKY98xU8Nc1j8x1CBDo6t%2BShJT7RHVQZnqnHQnLMU37%2BBSBCooPrbGqUmnW9g5uM33za1bRmJ6Vvwxcdbvvjav22BU7RiwUn6XmzY38IQ%3D%3D',
  name: 'projects/inclitibeta/locations/us-central1/functions/fetchCoins',
  labels: { 'deployment-tool': 'cli-firebase' },
  httpsTrigger: {} } 
 Tue May 08 2018 12:30:45 GMT+1000 (AUS Eastern Standard Time)
[debug] [2018-05-08T02:30:45.706Z] <<< HTTP RESPONSE 200
[debug] [2018-05-08T02:30:45.721Z] >>> HTTP REQUEST GET https://cloudfunctions.googleapis.com/v1/projects/inclitibeta/locations/us-central1/functions  
  
 Tue May 08 2018 12:30:45 GMT+1000 (AUS Eastern Standard Time)
[debug] [2018-05-08T02:30:46.262Z] <<< HTTP RESPONSE 200
[debug] [2018-05-08T02:30:46.262Z] >>> HTTP REQUEST GET https://cloudfunctions.googleapis.com/v1/operations/aW5jbGl0aWJldGEvdXMtY2VudHJhbDEvZmV0Y2hDb2lucy84c0FYZFNaZjNUYw  
  
 Tue May 08 2018 12:30:46 GMT+1000 (AUS Eastern Standard Time)
[debug] [2018-05-08T02:30:46.881Z] <<< HTTP RESPONSE 200
[debug] [2018-05-08T02:30:48.891Z] >>> HTTP REQUEST GET https://cloudfunctions.googleapis.com/v1/operations/aW5jbGl0aWJldGEvdXMtY2VudHJhbDEvZmV0Y2hDb2lucy84c0FYZFNaZjNUYw  
  
 Tue May 08 2018 12:30:48 GMT+1000 (AUS Eastern Standard Time)
[debug] [2018-05-08T02:30:49.543Z] <<< HTTP RESPONSE 200
[debug] [2018-05-08T02:30:51.557Z] >>> HTTP REQUEST GET https://cloudfunctions.googleapis.com/v1/operations/aW5jbGl0aWJldGEvdXMtY2VudHJhbDEvZmV0Y2hDb2lucy84c0FYZFNaZjNUYw  
  
 Tue May 08 2018 12:30:51 GMT+1000 (AUS Eastern Standard Time)
[debug] [2018-05-08T02:30:51.929Z] <<< HTTP RESPONSE 200
[debug] [2018-05-08T02:30:53.944Z] >>> HTTP REQUEST GET https://cloudfunctions.googleapis.com/v1/operations/aW5jbGl0aWJldGEvdXMtY2VudHJhbDEvZmV0Y2hDb2lucy84c0FYZFNaZjNUYw  
  
 Tue May 08 2018 12:30:53 GMT+1000 (AUS Eastern Standard Time)
[debug] [2018-05-08T02:30:54.492Z] <<< HTTP RESPONSE 200
[debug] [2018-05-08T02:30:56.506Z] >>> HTTP REQUEST GET https://cloudfunctions.googleapis.com/v1/operations/aW5jbGl0aWJldGEvdXMtY2VudHJhbDEvZmV0Y2hDb2lucy84c0FYZFNaZjNUYw  
  
 Tue May 08 2018 12:30:56 GMT+1000 (AUS Eastern Standard Time)
[debug] [2018-05-08T02:30:57.222Z] <<< HTTP RESPONSE 200
[debug] [2018-05-08T02:30:59.231Z] >>> HTTP REQUEST GET https://cloudfunctions.googleapis.com/v1/operations/aW5jbGl0aWJldGEvdXMtY2VudHJhbDEvZmV0Y2hDb2lucy84c0FYZFNaZjNUYw  
  
 Tue May 08 2018 12:30:59 GMT+1000 (AUS Eastern Standard Time)
[debug] [2018-05-08T02:30:59.598Z] <<< HTTP RESPONSE 200
[debug] [2018-05-08T02:31:01.626Z] >>> HTTP REQUEST GET https://cloudfunctions.googleapis.com/v1/operations/aW5jbGl0aWJldGEvdXMtY2VudHJhbDEvZmV0Y2hDb2lucy84c0FYZFNaZjNUYw  
  
 Tue May 08 2018 12:31:01 GMT+1000 (AUS Eastern Standard Time)
[debug] [2018-05-08T02:31:02.114Z] <<< HTTP RESPONSE 200
[debug] [2018-05-08T02:31:04.124Z] >>> HTTP REQUEST GET https://cloudfunctions.googleapis.com/v1/operations/aW5jbGl0aWJldGEvdXMtY2VudHJhbDEvZmV0Y2hDb2lucy84c0FYZFNaZjNUYw  
  
 Tue May 08 2018 12:31:04 GMT+1000 (AUS Eastern Standard Time)
[debug] [2018-05-08T02:31:04.762Z] <<< HTTP RESPONSE 200
[debug] [2018-05-08T02:31:06.771Z] >>> HTTP REQUEST GET https://cloudfunctions.googleapis.com/v1/operations/aW5jbGl0aWJldGEvdXMtY2VudHJhbDEvZmV0Y2hDb2lucy84c0FYZFNaZjNUYw  
  
 Tue May 08 2018 12:31:06 GMT+1000 (AUS Eastern Standard Time)
[debug] [2018-05-08T02:31:07.367Z] <<< HTTP RESPONSE 200
[info] +  functions[fetchCoins]: Successful update operation. 
[debug] [2018-05-08T02:31:07.389Z] >>> HTTP REQUEST POST https://deploy.firebase.com/v1/projects/inclitibeta/releases  
 { hosting: 
   { public: 'dist',
     ignore: [ 'firebase.json', '**/.*', '**/node_modules/**' ],
     rewrites: [ [Object] ],
     version: '-LBx_7l8MJazUps1jNeY',
     prefix: '-LBx_7l8MJazUps1jNeY/',
     manifest: [] } } 
 Tue May 08 2018 12:31:07 GMT+1000 (AUS Eastern Standard Time)
